The system is: Darwin - 9.8.0 - i386
Compiling the C compiler identification source file "CMakeCCompilerId.c" succeeded.
Compiler: /Network/Servers/vault101.local/Network/Servers/vault101.local/usr/bin/gcc 
Build flags: 
Id flags: 

The output was:
0


Compilation of the C compiler identification source "CMakeCCompilerId.c" produced "a.out"

The C compiler identification is GNU, found in "/Network/Servers/vault101.local/Volumes/Data HD/Users/bryanjeal/Desktop/sora/build/CMakeFiles/CompilerIdC/a.out"

Compiling the CXX compiler identification source file "CMakeCXXCompilerId.cpp" succeeded.
Compiler: /Network/Servers/vault101.local/Network/Servers/vault101.local/usr/bin/c++ 
Build flags: 
Id flags: 

The output was:
0


Compilation of the CXX compiler identification source "CMakeCXXCompilerId.cpp" produced "a.out"

The CXX compiler identification is GNU, found in "/Network/Servers/vault101.local/Volumes/Data HD/Users/bryanjeal/Desktop/sora/build/CMakeFiles/CompilerIdCXX/a.out"

Determining if the C compiler works passed with the following output:
Change Dir: /Network/Servers/vault101.local/Volumes/Data HD/Users/bryanjeal/Desktop/sora/build/CMakeFiles/CMakeTmp

Run Build Command:/Network/Servers/vault101.local/Network/Servers/vault101.local/usr/bin/make "cmTryCompileExec/fast"
/Network/Servers/vault101.local/Network/Servers/vault101.local/usr/bin/make -f CMakeFiles/cmTryCompileExec.dir/build.make CMakeFiles/cmTryCompileExec.dir/build
"/Network/Servers/vault101.local/Applications/CMake 2.8-2.app/Contents/bin/cmake" -E cmake_progress_report "/Network/Servers/vault101.local/Network/Servers/vault101.local/Volumes/Data HD/Users/bryanjeal/Desktop/sora/build/CMakeFiles/CMakeTmp/CMakeFiles" 1
Building C object CMakeFiles/cmTryCompileExec.dir/testCCompiler.c.o
cd "/Network/Servers/vault101.local/Network/Servers/vault101.local/Volumes/Data HD/Users/bryanjeal/Desktop/sora/build/CMakeFiles/CMakeTmp" && /Network/Servers/vault101.local/Network/Servers/vault101.local/usr/bin/gcc   -isysroot /Network/Servers/vault101.local/Developer/SDKs/MacOSX10.5.sdk   -o CMakeFiles/cmTryCompileExec.dir/testCCompiler.c.o   -c "/Network/Servers/vault101.local/Network/Servers/vault101.local/Volumes/Data HD/Users/bryanjeal/Desktop/sora/build/CMakeFiles/CMakeTmp/testCCompiler.c"
Linking C executable "/Network/Servers/vault101.local/Network/Servers/vault101.local/Network/Servers/vault101.local/Volumes/Data HD/Users/bryanjeal/Desktop/sora/build/CMakeFiles/CMakeTmp/cmTryCompileExec"
cd "/Network/Servers/vault101.local/Network/Servers/vault101.local/Volumes/Data HD/Users/bryanjeal/Desktop/sora/build/CMakeFiles/CMakeTmp" && "/Network/Servers/vault101.local/Applications/CMake 2.8-2.app/Contents/bin/cmake" -E cmake_link_script "/Network/Servers/vault101.local/Network/Servers/vault101.local/Volumes/Data HD/Users/bryanjeal/Desktop/sora/build/CMakeFiles/CMakeTmp/CMakeFiles/cmTryCompileExec.dir/link.txt" --verbose=1
/Network/Servers/vault101.local/Network/Servers/vault101.local/usr/bin/gcc      -isysroot /Network/Servers/vault101.local/Developer/SDKs/MacOSX10.5.sdk -Wl,-search_paths_first -headerpad_max_install_names  CMakeFiles/cmTryCompileExec.dir/testCCompiler.c.o  -o "/Network/Servers/vault101.local/Network/Servers/vault101.local/Network/Servers/vault101.local/Volumes/Data HD/Users/bryanjeal/Desktop/sora/build/CMakeFiles/CMakeTmp/cmTryCompileExec"  


Detecting C compiler ABI info compiled with the following output:
Change Dir: /Network/Servers/vault101.local/Volumes/Data HD/Users/bryanjeal/Desktop/sora/build/CMakeFiles/CMakeTmp

Run Build Command:/Network/Servers/vault101.local/Network/Servers/vault101.local/usr/bin/make "cmTryCompileExec/fast"
/Network/Servers/vault101.local/Network/Servers/vault101.local/usr/bin/make -f CMakeFiles/cmTryCompileExec.dir/build.make CMakeFiles/cmTryCompileExec.dir/build
"/Network/Servers/vault101.local/Applications/CMake 2.8-2.app/Contents/bin/cmake" -E cmake_progress_report "/Network/Servers/vault101.local/Network/Servers/vault101.local/Volumes/Data HD/Users/bryanjeal/Desktop/sora/build/CMakeFiles/CMakeTmp/CMakeFiles" 1
Building C object CMakeFiles/cmTryCompileExec.dir/CMakeCCompilerABI.c.o
cd "/Network/Servers/vault101.local/Network/Servers/vault101.local/Volumes/Data HD/Users/bryanjeal/Desktop/sora/build/CMakeFiles/CMakeTmp" && /Network/Servers/vault101.local/Network/Servers/vault101.local/usr/bin/gcc   -isysroot /Network/Servers/vault101.local/Developer/SDKs/MacOSX10.5.sdk   -o CMakeFiles/cmTryCompileExec.dir/CMakeCCompilerABI.c.o   -c "/Network/Servers/vault101.local/Applications/CMake 2.8-2.app/Contents/share/cmake-2.8/Modules/CMakeCCompilerABI.c"
Linking C executable "/Network/Servers/vault101.local/Network/Servers/vault101.local/Network/Servers/vault101.local/Volumes/Data HD/Users/bryanjeal/Desktop/sora/build/CMakeFiles/CMakeTmp/cmTryCompileExec"
cd "/Network/Servers/vault101.local/Network/Servers/vault101.local/Volumes/Data HD/Users/bryanjeal/Desktop/sora/build/CMakeFiles/CMakeTmp" && "/Network/Servers/vault101.local/Applications/CMake 2.8-2.app/Contents/bin/cmake" -E cmake_link_script "/Network/Servers/vault101.local/Network/Servers/vault101.local/Volumes/Data HD/Users/bryanjeal/Desktop/sora/build/CMakeFiles/CMakeTmp/CMakeFiles/cmTryCompileExec.dir/link.txt" --verbose=1
/Network/Servers/vault101.local/Network/Servers/vault101.local/usr/bin/gcc      -isysroot /Network/Servers/vault101.local/Developer/SDKs/MacOSX10.5.sdk -Wl,-search_paths_first -headerpad_max_install_names -v CMakeFiles/cmTryCompileExec.dir/CMakeCCompilerABI.c.o  -o "/Network/Servers/vault101.local/Network/Servers/vault101.local/Network/Servers/vault101.local/Volumes/Data HD/Users/bryanjeal/Desktop/sora/build/CMakeFiles/CMakeTmp/cmTryCompileExec"   
Using built-in specs.
Target: i686-apple-darwin9
Configured with: /var/tmp/gcc/gcc-5493~1/src/configure --disable-checking -enable-werror --prefix=/usr --mandir=/share/man --enable-languages=c,objc,c++,obj-c++ --program-transform-name=/^[cg][^.-]*$/s/$/-4.0/ --with-gxx-include-dir=/include/c++/4.0.0 --with-slibdir=/usr/lib --build=i686-apple-darwin9 --with-arch=apple --with-tune=generic --host=i686-apple-darwin9 --target=i686-apple-darwin9
Thread model: posix
gcc version 4.0.1 (Apple Inc. build 5493)
 /usr/libexec/gcc/i686-apple-darwin9/4.0.1/collect2 -dynamic -arch i386 -headerpad_max_install_names -macosx_version_min 10.5.8 -syslibroot /Network/Servers/vault101.local/Developer/SDKs/MacOSX10.5.sdk -weak_reference_mismatches non-weak -o /Network/Servers/vault101.local/Network/Servers/vault101.local/Network/Servers/vault101.local/Volumes/Data HD/Users/bryanjeal/Desktop/sora/build/CMakeFiles/CMakeTmp/cmTryCompileExec -lcrt1.10.5.o -L/Network/Servers/vault101.local/Developer/SDKs/MacOSX10.5.sdk/usr/lib/i686-apple-darwin9/4.0.1 -L/Network/Servers/vault101.local/Developer/SDKs/MacOSX10.5.sdk/usr/lib -L/usr/lib/gcc/i686-apple-darwin9/4.0.1 -L/usr/lib/gcc/i686-apple-darwin9/4.0.1 -L/Network/Servers/vault101.local/Developer/SDKs/MacOSX10.5.sdk/usr/lib/gcc/i686-apple-darwin9/4.0.1/../../../i686-apple-darwin9/4.0.1 -L/Network/Servers/vault101.local/Developer/SDKs/MacOSX10.5.sdk/usr/lib/gcc/i686-apple-darwin9/4.0.1/../../.. -search_paths_first CMakeFiles/cmTryCompileExec.dir/CMakeCCompilerABI.c.o -lgcc_s.10.5 -lgcc -lSystem


Parsed C implicit link information from above output:
  link line regex: [^( *|.*[/\])(ld|ld|collect2)[^/\]*( |$)]
  ignore line: [Change Dir: /Network/Servers/vault101.local/Volumes/Data HD/Users/bryanjeal/Desktop/sora/build/CMakeFiles/CMakeTmp]
  ignore line: []
  ignore line: [Run Build Command:/Network/Servers/vault101.local/Network/Servers/vault101.local/usr/bin/make "cmTryCompileExec/fast"]
  ignore line: [/Network/Servers/vault101.local/Network/Servers/vault101.local/usr/bin/make -f CMakeFiles/cmTryCompileExec.dir/build.make CMakeFiles/cmTryCompileExec.dir/build]
  ignore line: ["/Network/Servers/vault101.local/Applications/CMake 2.8-2.app/Contents/bin/cmake" -E cmake_progress_report "/Network/Servers/vault101.local/Network/Servers/vault101.local/Volumes/Data HD/Users/bryanjeal/Desktop/sora/build/CMakeFiles/CMakeTmp/CMakeFiles" 1]
  ignore line: [Building C object CMakeFiles/cmTryCompileExec.dir/CMakeCCompilerABI.c.o]
  ignore line: [cd "/Network/Servers/vault101.local/Network/Servers/vault101.local/Volumes/Data HD/Users/bryanjeal/Desktop/sora/build/CMakeFiles/CMakeTmp" && /Network/Servers/vault101.local/Network/Servers/vault101.local/usr/bin/gcc   -isysroot /Network/Servers/vault101.local/Developer/SDKs/MacOSX10.5.sdk   -o CMakeFiles/cmTryCompileExec.dir/CMakeCCompilerABI.c.o   -c "/Network/Servers/vault101.local/Applications/CMake 2.8-2.app/Contents/share/cmake-2.8/Modules/CMakeCCompilerABI.c"]
  ignore line: [Linking C executable "/Network/Servers/vault101.local/Network/Servers/vault101.local/Network/Servers/vault101.local/Volumes/Data HD/Users/bryanjeal/Desktop/sora/build/CMakeFiles/CMakeTmp/cmTryCompileExec"]
  ignore line: [cd "/Network/Servers/vault101.local/Network/Servers/vault101.local/Volumes/Data HD/Users/bryanjeal/Desktop/sora/build/CMakeFiles/CMakeTmp" && "/Network/Servers/vault101.local/Applications/CMake 2.8-2.app/Contents/bin/cmake" -E cmake_link_script "/Network/Servers/vault101.local/Network/Servers/vault101.local/Volumes/Data HD/Users/bryanjeal/Desktop/sora/build/CMakeFiles/CMakeTmp/CMakeFiles/cmTryCompileExec.dir/link.txt" --verbose=1]
  ignore line: [/Network/Servers/vault101.local/Network/Servers/vault101.local/usr/bin/gcc      -isysroot /Network/Servers/vault101.local/Developer/SDKs/MacOSX10.5.sdk -Wl,-search_paths_first -headerpad_max_install_names -v CMakeFiles/cmTryCompileExec.dir/CMakeCCompilerABI.c.o  -o "/Network/Servers/vault101.local/Network/Servers/vault101.local/Network/Servers/vault101.local/Volumes/Data HD/Users/bryanjeal/Desktop/sora/build/CMakeFiles/CMakeTmp/cmTryCompileExec"   ]
  ignore line: [Using built-in specs.]
  ignore line: [Target: i686-apple-darwin9]
  ignore line: [Configured with: /var/tmp/gcc/gcc-5493~1/src/configure --disable-checking -enable-werror --prefix=/usr --mandir=/share/man --enable-languages=c,objc,c++,obj-c++ --program-transform-name=/^[cg][^.-]*$/s/$/-4.0/ --with-gxx-include-dir=/include/c++/4.0.0 --with-slibdir=/usr/lib --build=i686-apple-darwin9 --with-arch=apple --with-tune=generic --host=i686-apple-darwin9 --target=i686-apple-darwin9]
  ignore line: [Thread model: posix]
  ignore line: [gcc version 4.0.1 (Apple Inc. build 5493)]
  link line: [ /usr/libexec/gcc/i686-apple-darwin9/4.0.1/collect2 -dynamic -arch i386 -headerpad_max_install_names -macosx_version_min 10.5.8 -syslibroot /Network/Servers/vault101.local/Developer/SDKs/MacOSX10.5.sdk -weak_reference_mismatches non-weak -o /Network/Servers/vault101.local/Network/Servers/vault101.local/Network/Servers/vault101.local/Volumes/Data HD/Users/bryanjeal/Desktop/sora/build/CMakeFiles/CMakeTmp/cmTryCompileExec -lcrt1.10.5.o -L/Network/Servers/vault101.local/Developer/SDKs/MacOSX10.5.sdk/usr/lib/i686-apple-darwin9/4.0.1 -L/Network/Servers/vault101.local/Developer/SDKs/MacOSX10.5.sdk/usr/lib -L/usr/lib/gcc/i686-apple-darwin9/4.0.1 -L/usr/lib/gcc/i686-apple-darwin9/4.0.1 -L/Network/Servers/vault101.local/Developer/SDKs/MacOSX10.5.sdk/usr/lib/gcc/i686-apple-darwin9/4.0.1/../../../i686-apple-darwin9/4.0.1 -L/Network/Servers/vault101.local/Developer/SDKs/MacOSX10.5.sdk/usr/lib/gcc/i686-apple-darwin9/4.0.1/../../.. -search_paths_first CMakeFiles/cmTryCompileExec.dir/CMakeCCompilerABI.c.o -lgcc_s.10.5 -lgcc -lSystem]
    arg [/usr/libexec/gcc/i686-apple-darwin9/4.0.1/collect2] ==> ignore
    arg [-dynamic] ==> ignore
    arg [-arch] ==> ignore
    arg [i386] ==> ignore
    arg [-headerpad_max_install_names] ==> ignore
    arg [-macosx_version_min] ==> ignore
    arg [10.5.8] ==> ignore
    arg [-syslibroot] ==> ignore
    arg [/Network/Servers/vault101.local/Developer/SDKs/MacOSX10.5.sdk] ==> ignore
    arg [-weak_reference_mismatches] ==> ignore
    arg [non-weak] ==> ignore
    arg [-o] ==> ignore
    arg [/Network/Servers/vault101.local/Network/Servers/vault101.local/Network/Servers/vault101.local/Volumes/Data] ==> ignore
    arg [HD/Users/bryanjeal/Desktop/sora/build/CMakeFiles/CMakeTmp/cmTryCompileExec] ==> ignore
    arg [-lcrt1.10.5.o] ==> lib [crt1.10.5.o]
    arg [-L/Network/Servers/vault101.local/Developer/SDKs/MacOSX10.5.sdk/usr/lib/i686-apple-darwin9/4.0.1] ==> dir [/Network/Servers/vault101.local/Developer/SDKs/MacOSX10.5.sdk/usr/lib/i686-apple-darwin9/4.0.1]
    arg [-L/Network/Servers/vault101.local/Developer/SDKs/MacOSX10.5.sdk/usr/lib] ==> dir [/Network/Servers/vault101.local/Developer/SDKs/MacOSX10.5.sdk/usr/lib]
    arg [-L/usr/lib/gcc/i686-apple-darwin9/4.0.1] ==> dir [/usr/lib/gcc/i686-apple-darwin9/4.0.1]
    arg [-L/usr/lib/gcc/i686-apple-darwin9/4.0.1] ==> dir [/usr/lib/gcc/i686-apple-darwin9/4.0.1]
    arg [-L/Network/Servers/vault101.local/Developer/SDKs/MacOSX10.5.sdk/usr/lib/gcc/i686-apple-darwin9/4.0.1/../../../i686-apple-darwin9/4.0.1] ==> dir [/Network/Servers/vault101.local/Developer/SDKs/MacOSX10.5.sdk/usr/lib/gcc/i686-apple-darwin9/4.0.1/../../../i686-apple-darwin9/4.0.1]
    arg [-L/Network/Servers/vault101.local/Developer/SDKs/MacOSX10.5.sdk/usr/lib/gcc/i686-apple-darwin9/4.0.1/../../..] ==> dir [/Network/Servers/vault101.local/Developer/SDKs/MacOSX10.5.sdk/usr/lib/gcc/i686-apple-darwin9/4.0.1/../../..]
    arg [-search_paths_first] ==> ignore
    arg [CMakeFiles/cmTryCompileExec.dir/CMakeCCompilerABI.c.o] ==> ignore
    arg [-lgcc_s.10.5] ==> lib [gcc_s.10.5]
    arg [-lgcc] ==> lib [gcc]
    arg [-lSystem] ==> lib [System]
  remove lib [crt1.10.5.o]
  remove lib [gcc_s.10.5]
  remove lib [gcc]
  remove lib [System]
  collapse dir [/Network/Servers/vault101.local/Developer/SDKs/MacOSX10.5.sdk/usr/lib/i686-apple-darwin9/4.0.1] ==> [/Network/Servers/vault101.local/Network/Servers/vault101.local/Developer/SDKs/MacOSX10.5.sdk/usr/lib/i686-apple-darwin9/4.0.1]
  collapse dir [/Network/Servers/vault101.local/Developer/SDKs/MacOSX10.5.sdk/usr/lib] ==> [/Network/Servers/vault101.local/Network/Servers/vault101.local/Developer/SDKs/MacOSX10.5.sdk/usr/lib]
  collapse dir [/usr/lib/gcc/i686-apple-darwin9/4.0.1] ==> [/Network/Servers/vault101.local/usr/lib/gcc/i686-apple-darwin9/4.0.1]
  collapse dir [/usr/lib/gcc/i686-apple-darwin9/4.0.1] ==> [/Network/Servers/vault101.local/usr/lib/gcc/i686-apple-darwin9/4.0.1]
  collapse dir [/Network/Servers/vault101.local/Developer/SDKs/MacOSX10.5.sdk/usr/lib/gcc/i686-apple-darwin9/4.0.1/../../../i686-apple-darwin9/4.0.1] ==> [/Network/Servers/vault101.local/Network/Servers/vault101.local/Developer/SDKs/MacOSX10.5.sdk/usr/lib/i686-apple-darwin9/4.0.1]
  collapse dir [/Network/Servers/vault101.local/Developer/SDKs/MacOSX10.5.sdk/usr/lib/gcc/i686-apple-darwin9/4.0.1/../../..] ==> [/Network/Servers/vault101.local/Network/Servers/vault101.local/Developer/SDKs/MacOSX10.5.sdk/usr/lib]
  implicit libs: []
  implicit dirs: [/Network/Servers/vault101.local/Network/Servers/vault101.local/Developer/SDKs/MacOSX10.5.sdk/usr/lib/i686-apple-darwin9/4.0.1;/Network/Servers/vault101.local/Network/Servers/vault101.local/Developer/SDKs/MacOSX10.5.sdk/usr/lib;/Network/Servers/vault101.local/usr/lib/gcc/i686-apple-darwin9/4.0.1]


Determining if the CXX compiler works passed with the following output:
Change Dir: /Network/Servers/vault101.local/Volumes/Data HD/Users/bryanjeal/Desktop/sora/build/CMakeFiles/CMakeTmp

Run Build Command:/Network/Servers/vault101.local/Network/Servers/vault101.local/usr/bin/make "cmTryCompileExec/fast"
/Network/Servers/vault101.local/Network/Servers/vault101.local/usr/bin/make -f CMakeFiles/cmTryCompileExec.dir/build.make CMakeFiles/cmTryCompileExec.dir/build
"/Network/Servers/vault101.local/Applications/CMake 2.8-2.app/Contents/bin/cmake" -E cmake_progress_report "/Network/Servers/vault101.local/Network/Servers/vault101.local/Volumes/Data HD/Users/bryanjeal/Desktop/sora/build/CMakeFiles/CMakeTmp/CMakeFiles" 1
Building CXX object CMakeFiles/cmTryCompileExec.dir/testCXXCompiler.cxx.o
cd "/Network/Servers/vault101.local/Network/Servers/vault101.local/Volumes/Data HD/Users/bryanjeal/Desktop/sora/build/CMakeFiles/CMakeTmp" && /Network/Servers/vault101.local/Network/Servers/vault101.local/usr/bin/c++    -isysroot /Network/Servers/vault101.local/Developer/SDKs/MacOSX10.5.sdk   -o CMakeFiles/cmTryCompileExec.dir/testCXXCompiler.cxx.o -c "/Network/Servers/vault101.local/Network/Servers/vault101.local/Volumes/Data HD/Users/bryanjeal/Desktop/sora/build/CMakeFiles/CMakeTmp/testCXXCompiler.cxx"
Linking CXX executable "/Network/Servers/vault101.local/Network/Servers/vault101.local/Network/Servers/vault101.local/Volumes/Data HD/Users/bryanjeal/Desktop/sora/build/CMakeFiles/CMakeTmp/cmTryCompileExec"
cd "/Network/Servers/vault101.local/Network/Servers/vault101.local/Volumes/Data HD/Users/bryanjeal/Desktop/sora/build/CMakeFiles/CMakeTmp" && "/Network/Servers/vault101.local/Applications/CMake 2.8-2.app/Contents/bin/cmake" -E cmake_link_script "/Network/Servers/vault101.local/Network/Servers/vault101.local/Volumes/Data HD/Users/bryanjeal/Desktop/sora/build/CMakeFiles/CMakeTmp/CMakeFiles/cmTryCompileExec.dir/link.txt" --verbose=1
/Network/Servers/vault101.local/Network/Servers/vault101.local/usr/bin/c++       -isysroot /Network/Servers/vault101.local/Developer/SDKs/MacOSX10.5.sdk -Wl,-search_paths_first -headerpad_max_install_names  CMakeFiles/cmTryCompileExec.dir/testCXXCompiler.cxx.o  -o "/Network/Servers/vault101.local/Network/Servers/vault101.local/Network/Servers/vault101.local/Volumes/Data HD/Users/bryanjeal/Desktop/sora/build/CMakeFiles/CMakeTmp/cmTryCompileExec"  


Detecting CXX compiler ABI info compiled with the following output:
Change Dir: /Network/Servers/vault101.local/Volumes/Data HD/Users/bryanjeal/Desktop/sora/build/CMakeFiles/CMakeTmp

Run Build Command:/Network/Servers/vault101.local/Network/Servers/vault101.local/usr/bin/make "cmTryCompileExec/fast"
/Network/Servers/vault101.local/Network/Servers/vault101.local/usr/bin/make -f CMakeFiles/cmTryCompileExec.dir/build.make CMakeFiles/cmTryCompileExec.dir/build
"/Network/Servers/vault101.local/Applications/CMake 2.8-2.app/Contents/bin/cmake" -E cmake_progress_report "/Network/Servers/vault101.local/Network/Servers/vault101.local/Volumes/Data HD/Users/bryanjeal/Desktop/sora/build/CMakeFiles/CMakeTmp/CMakeFiles" 1
Building CXX object CMakeFiles/cmTryCompileExec.dir/CMakeCXXCompilerABI.cpp.o
cd "/Network/Servers/vault101.local/Network/Servers/vault101.local/Volumes/Data HD/Users/bryanjeal/Desktop/sora/build/CMakeFiles/CMakeTmp" && /Network/Servers/vault101.local/Network/Servers/vault101.local/usr/bin/c++    -isysroot /Network/Servers/vault101.local/Developer/SDKs/MacOSX10.5.sdk   -o CMakeFiles/cmTryCompileExec.dir/CMakeCXXCompilerABI.cpp.o -c "/Network/Servers/vault101.local/Applications/CMake 2.8-2.app/Contents/share/cmake-2.8/Modules/CMakeCXXCompilerABI.cpp"
Linking CXX executable "/Network/Servers/vault101.local/Network/Servers/vault101.local/Network/Servers/vault101.local/Volumes/Data HD/Users/bryanjeal/Desktop/sora/build/CMakeFiles/CMakeTmp/cmTryCompileExec"
cd "/Network/Servers/vault101.local/Network/Servers/vault101.local/Volumes/Data HD/Users/bryanjeal/Desktop/sora/build/CMakeFiles/CMakeTmp" && "/Network/Servers/vault101.local/Applications/CMake 2.8-2.app/Contents/bin/cmake" -E cmake_link_script "/Network/Servers/vault101.local/Network/Servers/vault101.local/Volumes/Data HD/Users/bryanjeal/Desktop/sora/build/CMakeFiles/CMakeTmp/CMakeFiles/cmTryCompileExec.dir/link.txt" --verbose=1
/Network/Servers/vault101.local/Network/Servers/vault101.local/usr/bin/c++       -isysroot /Network/Servers/vault101.local/Developer/SDKs/MacOSX10.5.sdk -Wl,-search_paths_first -headerpad_max_install_names -v CMakeFiles/cmTryCompileExec.dir/CMakeCXXCompilerABI.cpp.o  -o "/Network/Servers/vault101.local/Network/Servers/vault101.local/Network/Servers/vault101.local/Volumes/Data HD/Users/bryanjeal/Desktop/sora/build/CMakeFiles/CMakeTmp/cmTryCompileExec"   
Using built-in specs.
Target: i686-apple-darwin9
Configured with: /var/tmp/gcc/gcc-5493~1/src/configure --disable-checking -enable-werror --prefix=/usr --mandir=/share/man --enable-languages=c,objc,c++,obj-c++ --program-transform-name=/^[cg][^.-]*$/s/$/-4.0/ --with-gxx-include-dir=/include/c++/4.0.0 --with-slibdir=/usr/lib --build=i686-apple-darwin9 --with-arch=apple --with-tune=generic --host=i686-apple-darwin9 --target=i686-apple-darwin9
Thread model: posix
gcc version 4.0.1 (Apple Inc. build 5493)
 /usr/libexec/gcc/i686-apple-darwin9/4.0.1/collect2 -dynamic -arch i386 -headerpad_max_install_names -macosx_version_min 10.5.8 -syslibroot /Network/Servers/vault101.local/Developer/SDKs/MacOSX10.5.sdk -weak_reference_mismatches non-weak -o /Network/Servers/vault101.local/Network/Servers/vault101.local/Network/Servers/vault101.local/Volumes/Data HD/Users/bryanjeal/Desktop/sora/build/CMakeFiles/CMakeTmp/cmTryCompileExec -lcrt1.10.5.o -L/Network/Servers/vault101.local/Developer/SDKs/MacOSX10.5.sdk/usr/lib/i686-apple-darwin9/4.0.1 -L/Network/Servers/vault101.local/Developer/SDKs/MacOSX10.5.sdk/usr/lib -L/usr/lib/gcc/i686-apple-darwin9/4.0.1 -L/usr/lib/gcc/i686-apple-darwin9/4.0.1 -L/Network/Servers/vault101.local/Developer/SDKs/MacOSX10.5.sdk/usr/lib/gcc/i686-apple-darwin9/4.0.1/../../../i686-apple-darwin9/4.0.1 -L/Network/Servers/vault101.local/Developer/SDKs/MacOSX10.5.sdk/usr/lib/gcc/i686-apple-darwin9/4.0.1/../../.. -search_paths_first CMakeFiles/cmTryCompileExec.dir/CMakeCXXCompilerABI.cpp.o -lstdc++ -lgcc_s.10.5 -lgcc -lSystem


Parsed CXX implicit link information from above output:
  link line regex: [^( *|.*[/\])(ld|ld|collect2)[^/\]*( |$)]
  ignore line: [Change Dir: /Network/Servers/vault101.local/Volumes/Data HD/Users/bryanjeal/Desktop/sora/build/CMakeFiles/CMakeTmp]
  ignore line: []
  ignore line: [Run Build Command:/Network/Servers/vault101.local/Network/Servers/vault101.local/usr/bin/make "cmTryCompileExec/fast"]
  ignore line: [/Network/Servers/vault101.local/Network/Servers/vault101.local/usr/bin/make -f CMakeFiles/cmTryCompileExec.dir/build.make CMakeFiles/cmTryCompileExec.dir/build]
  ignore line: ["/Network/Servers/vault101.local/Applications/CMake 2.8-2.app/Contents/bin/cmake" -E cmake_progress_report "/Network/Servers/vault101.local/Network/Servers/vault101.local/Volumes/Data HD/Users/bryanjeal/Desktop/sora/build/CMakeFiles/CMakeTmp/CMakeFiles" 1]
  ignore line: [Building CXX object CMakeFiles/cmTryCompileExec.dir/CMakeCXXCompilerABI.cpp.o]
  ignore line: [cd "/Network/Servers/vault101.local/Network/Servers/vault101.local/Volumes/Data HD/Users/bryanjeal/Desktop/sora/build/CMakeFiles/CMakeTmp" && /Network/Servers/vault101.local/Network/Servers/vault101.local/usr/bin/c++    -isysroot /Network/Servers/vault101.local/Developer/SDKs/MacOSX10.5.sdk   -o CMakeFiles/cmTryCompileExec.dir/CMakeCXXCompilerABI.cpp.o -c "/Network/Servers/vault101.local/Applications/CMake 2.8-2.app/Contents/share/cmake-2.8/Modules/CMakeCXXCompilerABI.cpp"]
  ignore line: [Linking CXX executable "/Network/Servers/vault101.local/Network/Servers/vault101.local/Network/Servers/vault101.local/Volumes/Data HD/Users/bryanjeal/Desktop/sora/build/CMakeFiles/CMakeTmp/cmTryCompileExec"]
  ignore line: [cd "/Network/Servers/vault101.local/Network/Servers/vault101.local/Volumes/Data HD/Users/bryanjeal/Desktop/sora/build/CMakeFiles/CMakeTmp" && "/Network/Servers/vault101.local/Applications/CMake 2.8-2.app/Contents/bin/cmake" -E cmake_link_script "/Network/Servers/vault101.local/Network/Servers/vault101.local/Volumes/Data HD/Users/bryanjeal/Desktop/sora/build/CMakeFiles/CMakeTmp/CMakeFiles/cmTryCompileExec.dir/link.txt" --verbose=1]
  ignore line: [/Network/Servers/vault101.local/Network/Servers/vault101.local/usr/bin/c++       -isysroot /Network/Servers/vault101.local/Developer/SDKs/MacOSX10.5.sdk -Wl,-search_paths_first -headerpad_max_install_names -v CMakeFiles/cmTryCompileExec.dir/CMakeCXXCompilerABI.cpp.o  -o "/Network/Servers/vault101.local/Network/Servers/vault101.local/Network/Servers/vault101.local/Volumes/Data HD/Users/bryanjeal/Desktop/sora/build/CMakeFiles/CMakeTmp/cmTryCompileExec"   ]
  ignore line: [Using built-in specs.]
  ignore line: [Target: i686-apple-darwin9]
  ignore line: [Configured with: /var/tmp/gcc/gcc-5493~1/src/configure --disable-checking -enable-werror --prefix=/usr --mandir=/share/man --enable-languages=c,objc,c++,obj-c++ --program-transform-name=/^[cg][^.-]*$/s/$/-4.0/ --with-gxx-include-dir=/include/c++/4.0.0 --with-slibdir=/usr/lib --build=i686-apple-darwin9 --with-arch=apple --with-tune=generic --host=i686-apple-darwin9 --target=i686-apple-darwin9]
  ignore line: [Thread model: posix]
  ignore line: [gcc version 4.0.1 (Apple Inc. build 5493)]
  link line: [ /usr/libexec/gcc/i686-apple-darwin9/4.0.1/collect2 -dynamic -arch i386 -headerpad_max_install_names -macosx_version_min 10.5.8 -syslibroot /Network/Servers/vault101.local/Developer/SDKs/MacOSX10.5.sdk -weak_reference_mismatches non-weak -o /Network/Servers/vault101.local/Network/Servers/vault101.local/Network/Servers/vault101.local/Volumes/Data HD/Users/bryanjeal/Desktop/sora/build/CMakeFiles/CMakeTmp/cmTryCompileExec -lcrt1.10.5.o -L/Network/Servers/vault101.local/Developer/SDKs/MacOSX10.5.sdk/usr/lib/i686-apple-darwin9/4.0.1 -L/Network/Servers/vault101.local/Developer/SDKs/MacOSX10.5.sdk/usr/lib -L/usr/lib/gcc/i686-apple-darwin9/4.0.1 -L/usr/lib/gcc/i686-apple-darwin9/4.0.1 -L/Network/Servers/vault101.local/Developer/SDKs/MacOSX10.5.sdk/usr/lib/gcc/i686-apple-darwin9/4.0.1/../../../i686-apple-darwin9/4.0.1 -L/Network/Servers/vault101.local/Developer/SDKs/MacOSX10.5.sdk/usr/lib/gcc/i686-apple-darwin9/4.0.1/../../.. -search_paths_first CMakeFiles/cmTryCompileExec.dir/CMakeCXXCompilerABI.cpp.o -lstdc++ -lgcc_s.10.5 -lgcc -lSystem]
    arg [/usr/libexec/gcc/i686-apple-darwin9/4.0.1/collect2] ==> ignore
    arg [-dynamic] ==> ignore
    arg [-arch] ==> ignore
    arg [i386] ==> ignore
    arg [-headerpad_max_install_names] ==> ignore
    arg [-macosx_version_min] ==> ignore
    arg [10.5.8] ==> ignore
    arg [-syslibroot] ==> ignore
    arg [/Network/Servers/vault101.local/Developer/SDKs/MacOSX10.5.sdk] ==> ignore
    arg [-weak_reference_mismatches] ==> ignore
    arg [non-weak] ==> ignore
    arg [-o] ==> ignore
    arg [/Network/Servers/vault101.local/Network/Servers/vault101.local/Network/Servers/vault101.local/Volumes/Data] ==> ignore
    arg [HD/Users/bryanjeal/Desktop/sora/build/CMakeFiles/CMakeTmp/cmTryCompileExec] ==> ignore
    arg [-lcrt1.10.5.o] ==> lib [crt1.10.5.o]
    arg [-L/Network/Servers/vault101.local/Developer/SDKs/MacOSX10.5.sdk/usr/lib/i686-apple-darwin9/4.0.1] ==> dir [/Network/Servers/vault101.local/Developer/SDKs/MacOSX10.5.sdk/usr/lib/i686-apple-darwin9/4.0.1]
    arg [-L/Network/Servers/vault101.local/Developer/SDKs/MacOSX10.5.sdk/usr/lib] ==> dir [/Network/Servers/vault101.local/Developer/SDKs/MacOSX10.5.sdk/usr/lib]
    arg [-L/usr/lib/gcc/i686-apple-darwin9/4.0.1] ==> dir [/usr/lib/gcc/i686-apple-darwin9/4.0.1]
    arg [-L/usr/lib/gcc/i686-apple-darwin9/4.0.1] ==> dir [/usr/lib/gcc/i686-apple-darwin9/4.0.1]
    arg [-L/Network/Servers/vault101.local/Developer/SDKs/MacOSX10.5.sdk/usr/lib/gcc/i686-apple-darwin9/4.0.1/../../../i686-apple-darwin9/4.0.1] ==> dir [/Network/Servers/vault101.local/Developer/SDKs/MacOSX10.5.sdk/usr/lib/gcc/i686-apple-darwin9/4.0.1/../../../i686-apple-darwin9/4.0.1]
    arg [-L/Network/Servers/vault101.local/Developer/SDKs/MacOSX10.5.sdk/usr/lib/gcc/i686-apple-darwin9/4.0.1/../../..] ==> dir [/Network/Servers/vault101.local/Developer/SDKs/MacOSX10.5.sdk/usr/lib/gcc/i686-apple-darwin9/4.0.1/../../..]
    arg [-search_paths_first] ==> ignore
    arg [CMakeFiles/cmTryCompileExec.dir/CMakeCXXCompilerABI.cpp.o] ==> ignore
    arg [-lstdc++] ==> lib [stdc++]
    arg [-lgcc_s.10.5] ==> lib [gcc_s.10.5]
    arg [-lgcc] ==> lib [gcc]
    arg [-lSystem] ==> lib [System]
  remove lib [crt1.10.5.o]
  remove lib [gcc_s.10.5]
  remove lib [gcc]
  remove lib [System]
  collapse dir [/Network/Servers/vault101.local/Developer/SDKs/MacOSX10.5.sdk/usr/lib/i686-apple-darwin9/4.0.1] ==> [/Network/Servers/vault101.local/Network/Servers/vault101.local/Developer/SDKs/MacOSX10.5.sdk/usr/lib/i686-apple-darwin9/4.0.1]
  collapse dir [/Network/Servers/vault101.local/Developer/SDKs/MacOSX10.5.sdk/usr/lib] ==> [/Network/Servers/vault101.local/Network/Servers/vault101.local/Developer/SDKs/MacOSX10.5.sdk/usr/lib]
  collapse dir [/usr/lib/gcc/i686-apple-darwin9/4.0.1] ==> [/Network/Servers/vault101.local/usr/lib/gcc/i686-apple-darwin9/4.0.1]
  collapse dir [/usr/lib/gcc/i686-apple-darwin9/4.0.1] ==> [/Network/Servers/vault101.local/usr/lib/gcc/i686-apple-darwin9/4.0.1]
  collapse dir [/Network/Servers/vault101.local/Developer/SDKs/MacOSX10.5.sdk/usr/lib/gcc/i686-apple-darwin9/4.0.1/../../../i686-apple-darwin9/4.0.1] ==> [/Network/Servers/vault101.local/Network/Servers/vault101.local/Developer/SDKs/MacOSX10.5.sdk/usr/lib/i686-apple-darwin9/4.0.1]
  collapse dir [/Network/Servers/vault101.local/Developer/SDKs/MacOSX10.5.sdk/usr/lib/gcc/i686-apple-darwin9/4.0.1/../../..] ==> [/Network/Servers/vault101.local/Network/Servers/vault101.local/Developer/SDKs/MacOSX10.5.sdk/usr/lib]
  implicit libs: [stdc++]
  implicit dirs: [/Network/Servers/vault101.local/Network/Servers/vault101.local/Developer/SDKs/MacOSX10.5.sdk/usr/lib/i686-apple-darwin9/4.0.1;/Network/Servers/vault101.local/Network/Servers/vault101.local/Developer/SDKs/MacOSX10.5.sdk/usr/lib;/Network/Servers/vault101.local/usr/lib/gcc/i686-apple-darwin9/4.0.1]


